Flow report for FPU_32b
Sun Oct 19 14:10:24 2025
Quartus II 32-bit Version 13.0.1 Build 232 06/12/2013 Service Pack 1 SJ Web Edition


---------------------
; Table of Contents ;
---------------------
  1. Legal Notice
  2. Flow Summary
  3. Flow Settings
  4. Flow Non-Default Global Settings
  5. Flow Elapsed Time
  6. Flow OS Summary
  7. Flow Log
  8. Flow Messages
  9. Flow Suppressed Messages



----------------
; Legal Notice ;
----------------
Copyright (C) 1991-2013 Altera Corporation
Your use of Altera Corporation's design tools, logic functions 
and other software and tools, and its AMPP partner logic 
functions, and any output files from any of the foregoing 
(including device programming or simulation files), and any 
associated documentation or information are expressly subject 
to the terms and conditions of the Altera Program License 
Subscription Agreement, Altera MegaCore Function License 
Agreement, or other applicable license agreement, including, 
without limitation, that your use is for the sole purpose of 
programming logic devices manufactured by Altera and sold by 
Altera or its authorized distributors.  Please refer to the 
applicable agreement for further details.



+--------------------------------------------------------------------------------------+
; Flow Summary                                                                         ;
+------------------------------------+-------------------------------------------------+
; Flow Status                        ; Successful - Sun Oct 19 14:10:24 2025           ;
; Quartus II 32-bit Version          ; 13.0.1 Build 232 06/12/2013 SP 1 SJ Web Edition ;
; Revision Name                      ; FPU_32b                                         ;
; Top-level Entity Name              ; FPU_32b                                         ;
; Family                             ; Cyclone II                                      ;
; Device                             ; EP2C35F672C6                                    ;
; Timing Models                      ; Final                                           ;
; Total logic elements               ; 1,311 / 33,216 ( 4 % )                          ;
;     Total combinational functions  ; 1,216 / 33,216 ( 4 % )                          ;
;     Dedicated logic registers      ; 282 / 33,216 ( < 1 % )                          ;
; Total registers                    ; 282                                             ;
; Total pins                         ; 106 / 475 ( 22 % )                              ;
; Total virtual pins                 ; 0                                               ;
; Total memory bits                  ; 0 / 483,840 ( 0 % )                             ;
; Embedded Multiplier 9-bit elements ; 0 / 70 ( 0 % )                                  ;
; Total PLLs                         ; 0 / 4 ( 0 % )                                   ;
+------------------------------------+-------------------------------------------------+


+-----------------------------------------+
; Flow Settings                           ;
+-------------------+---------------------+
; Option            ; Setting             ;
+-------------------+---------------------+
; Start date & time ; 10/19/2025 14:06:53 ;
; Main task         ; Compilation         ;
; Revision Name     ; FPU_32b             ;
+-------------------+---------------------+


+----------------------------------------------------------------------------------------------------------------------+
; Flow Non-Default Global Settings                                                                                     ;
+-------------------------------------+---------------------------------+---------------+-------------+----------------+
; Assignment Name                     ; Value                           ; Default Value ; Entity Name ; Section Id     ;
+-------------------------------------+---------------------------------+---------------+-------------+----------------+
; COMPILER_SIGNATURE_ID               ; 163720057749204.176085761322656 ; --            ; --          ; --             ;
; EDA_GENERATE_FUNCTIONAL_NETLIST     ; On                              ; --            ; --          ; eda_simulation ;
; EDA_OUTPUT_DATA_FORMAT              ; Verilog Hdl                     ; --            ; --          ; eda_simulation ;
; EDA_SIMULATION_TOOL                 ; ModelSim-Altera (Verilog)       ; <None>        ; --          ; --             ;
; MAX_CORE_JUNCTION_TEMP              ; 85                              ; --            ; --          ; --             ;
; MIN_CORE_JUNCTION_TEMP              ; 0                               ; --            ; --          ; --             ;
; PARTITION_COLOR                     ; 16764057                        ; --            ; --          ; Top            ;
; PARTITION_FITTER_PRESERVATION_LEVEL ; PLACEMENT_AND_ROUTING           ; --            ; --          ; Top            ;
; PARTITION_NETLIST_TYPE              ; SOURCE                          ; --            ; --          ; Top            ;
; PROJECT_OUTPUT_DIRECTORY            ; output_files                    ; --            ; --          ; --             ;
+-------------------------------------+---------------------------------+---------------+-------------+----------------+


+-------------------------------------------------------------------------------------------------------------------------------+
; Flow Elapsed Time                                                                                                             ;
+---------------------------+--------------+-------------------------+---------------------+------------------------------------+
; Module Name               ; Elapsed Time ; Average Processors Used ; Peak Virtual Memory ; Total CPU Time (on all processors) ;
+---------------------------+--------------+-------------------------+---------------------+------------------------------------+
; Analysis & Synthesis      ; 00:00:16     ; 1.0                     ; 367 MB              ; 00:00:16                           ;
; Fitter                    ; 00:00:11     ; 1.0                     ; 513 MB              ; 00:00:10                           ;
; Assembler                 ; 00:00:02     ; 1.0                     ; 359 MB              ; 00:00:02                           ;
; TimeQuest Timing Analyzer ; 00:00:01     ; 1.0                     ; 338 MB              ; 00:00:01                           ;
; EDA Netlist Writer        ; 00:00:01     ; 1.0                     ; 325 MB              ; 00:00:01                           ;
; EDA Netlist Writer        ; 00:00:01     ; 1.0                     ; 330 MB              ; 00:00:01                           ;
; EDA Netlist Writer        ; 00:00:01     ; 1.0                     ; 333 MB              ; 00:00:01                           ;
; EDA Netlist Writer        ; 00:00:01     ; 1.0                     ; 330 MB              ; 00:00:01                           ;
; EDA Netlist Writer        ; 00:00:01     ; 1.0                     ; 334 MB              ; 00:00:01                           ;
; Total                     ; 00:00:35     ; --                      ; --                  ; 00:00:34                           ;
+---------------------------+--------------+-------------------------+---------------------+------------------------------------+


+----------------------------------------------------------------------------------------+
; Flow OS Summary                                                                        ;
+---------------------------+------------------+-----------+------------+----------------+
; Module Name               ; Machine Hostname ; OS Name   ; OS Version ; Processor type ;
+---------------------------+------------------+-----------+------------+----------------+
; Analysis & Synthesis      ; ThanhLT          ; Windows 7 ; 6.2        ; x86_64         ;
; Fitter                    ; ThanhLT          ; Windows 7 ; 6.2        ; x86_64         ;
; Assembler                 ; ThanhLT          ; Windows 7 ; 6.2        ; x86_64         ;
; TimeQuest Timing Analyzer ; ThanhLT          ; Windows 7 ; 6.2        ; x86_64         ;
; EDA Netlist Writer        ; ThanhLT          ; Windows 7 ; 6.2        ; x86_64         ;
; EDA Netlist Writer        ; ThanhLT          ; Windows 7 ; 6.2        ; x86_64         ;
; EDA Netlist Writer        ; ThanhLT          ; Windows 7 ; 6.2        ; x86_64         ;
; EDA Netlist Writer        ; ThanhLT          ; Windows 7 ; 6.2        ; x86_64         ;
; EDA Netlist Writer        ; ThanhLT          ; Windows 7 ; 6.2        ; x86_64         ;
+---------------------------+------------------+-----------+------------+----------------+


------------
; Flow Log ;
------------
quartus_map --read_settings_files=on --write_settings_files=off FPU_32b -c FPU_32b
quartus_fit --read_settings_files=off --write_settings_files=off FPU_32b -c FPU_32b
quartus_asm --read_settings_files=off --write_settings_files=off FPU_32b -c FPU_32b
quartus_sta FPU_32b -c FPU_32b
quartus_eda --read_settings_files=off --write_settings_files=off FPU_32b -c FPU_32b
quartus_eda --gen_testbench --check_outputs=on --tool=modelsim_oem --format=verilog FPU_32b -c FPU_32b --vector_source="C:/Users/LE TUAN THANH/Desktop/Floating_Point_Project/Waveform.vwf" --testbench_file=./simulation/qsim/FPU_32b.vt
quartus_eda --functional=on --simulation=on --tool=modelsim_oem --format=verilog FPU_32b -c FPU_32b
quartus_eda --gen_testbench --check_outputs=on --tool=modelsim_oem --format=verilog FPU_32b -c FPU_32b --vector_source="C:/Users/LE TUAN THANH/Desktop/Floating_Point_Project/Waveform.vwf" --testbench_file=./simulation/qsim/FPU_32b.vt
quartus_eda --functional=on --simulation=on --tool=modelsim_oem --format=verilog FPU_32b -c FPU_32b



