Analysis & Synthesis report for FPU_32b
Sun Oct 19 14:07:10 2025
Quartus II 32-bit Version 13.0.1 Build 232 06/12/2013 Service Pack 1 SJ Web Edition


---------------------
; Table of Contents ;
---------------------
  1. Legal Notice
  2. Analysis & Synthesis Summary
  3. Analysis & Synthesis Settings
  4. Parallel Compilation
  5. Analysis & Synthesis Source Files Read
  6. Analysis & Synthesis Resource Usage Summary
  7. Analysis & Synthesis Resource Utilization by Entity
  8. Registers Removed During Synthesis
  9. General Register Statistics
 10. Multiplexer Restructuring Statistics (Restructuring Performed)
 11. Elapsed Time Per Partition
 12. Analysis & Synthesis Messages
 13. Analysis & Synthesis Suppressed Messages



----------------
; Legal Notice ;
----------------
Copyright (C) 1991-2013 Altera Corporation
Your use of Altera Corporation's design tools, logic functions 
and other software and tools, and its AMPP partner logic 
functions, and any output files from any of the foregoing 
(including device programming or simulation files), and any 
associated documentation or information are expressly subject 
to the terms and conditions of the Altera Program License 
Subscription Agreement, Altera MegaCore Function License 
Agreement, or other applicable license agreement, including, 
without limitation, that your use is for the sole purpose of 
programming logic devices manufactured by Altera and sold by 
Altera or its authorized distributors.  Please refer to the 
applicable agreement for further details.



+--------------------------------------------------------------------------------------+
; Analysis & Synthesis Summary                                                         ;
+------------------------------------+-------------------------------------------------+
; Analysis & Synthesis Status        ; Successful - Sun Oct 19 14:07:10 2025           ;
; Quartus II 32-bit Version          ; 13.0.1 Build 232 06/12/2013 SP 1 SJ Web Edition ;
; Revision Name                      ; FPU_32b                                         ;
; Top-level Entity Name              ; FPU_32b                                         ;
; Family                             ; Cyclone II                                      ;
; Total logic elements               ; 1,313                                           ;
;     Total combinational functions  ; 1,216                                           ;
;     Dedicated logic registers      ; 282                                             ;
; Total registers                    ; 282                                             ;
; Total pins                         ; 106                                             ;
; Total virtual pins                 ; 0                                               ;
; Total memory bits                  ; 0                                               ;
; Embedded Multiplier 9-bit elements ; 0                                               ;
; Total PLLs                         ; 0                                               ;
+------------------------------------+-------------------------------------------------+


+----------------------------------------------------------------------------------------------------------------------+
; Analysis & Synthesis Settings                                                                                        ;
+----------------------------------------------------------------------------+--------------------+--------------------+
; Option                                                                     ; Setting            ; Default Value      ;
+----------------------------------------------------------------------------+--------------------+--------------------+
; Device                                                                     ; EP2C35F672C6       ;                    ;
; Top-level entity name                                                      ; FPU_32b            ; FPU_32b            ;
; Family name                                                                ; Cyclone II         ; Cyclone IV GX      ;
; Use smart compilation                                                      ; Off                ; Off                ;
; Enable parallel Assembler and TimeQuest Timing Analyzer during compilation ; On                 ; On                 ;
; Enable compact report table                                                ; Off                ; Off                ;
; Restructure Multiplexers                                                   ; Auto               ; Auto               ;
; Create Debugging Nodes for IP Cores                                        ; Off                ; Off                ;
; Preserve fewer node names                                                  ; On                 ; On                 ;
; Disable OpenCore Plus hardware evaluation                                  ; Off                ; Off                ;
; Verilog Version                                                            ; Verilog_2001       ; Verilog_2001       ;
; VHDL Version                                                               ; VHDL_1993          ; VHDL_1993          ;
; State Machine Processing                                                   ; Auto               ; Auto               ;
; Safe State Machine                                                         ; Off                ; Off                ;
; Extract Verilog State Machines                                             ; On                 ; On                 ;
; Extract VHDL State Machines                                                ; On                 ; On                 ;
; Ignore Verilog initial constructs                                          ; Off                ; Off                ;
; Iteration limit for constant Verilog loops                                 ; 5000               ; 5000               ;
; Iteration limit for non-constant Verilog loops                             ; 250                ; 250                ;
; Add Pass-Through Logic to Inferred RAMs                                    ; On                 ; On                 ;
; Infer RAMs from Raw Logic                                                  ; On                 ; On                 ;
; Parallel Synthesis                                                         ; On                 ; On                 ;
; DSP Block Balancing                                                        ; Auto               ; Auto               ;
; NOT Gate Push-Back                                                         ; On                 ; On                 ;
; Power-Up Don't Care                                                        ; On                 ; On                 ;
; Remove Redundant Logic Cells                                               ; Off                ; Off                ;
; Remove Duplicate Registers                                                 ; On                 ; On                 ;
; Ignore CARRY Buffers                                                       ; Off                ; Off                ;
; Ignore CASCADE Buffers                                                     ; Off                ; Off                ;
; Ignore GLOBAL Buffers                                                      ; Off                ; Off                ;
; Ignore ROW GLOBAL Buffers                                                  ; Off                ; Off                ;
; Ignore LCELL Buffers                                                       ; Off                ; Off                ;
; Ignore SOFT Buffers                                                        ; On                 ; On                 ;
; Limit AHDL Integers to 32 Bits                                             ; Off                ; Off                ;
; Optimization Technique                                                     ; Balanced           ; Balanced           ;
; Carry Chain Length                                                         ; 70                 ; 70                 ;
; Auto Carry Chains                                                          ; On                 ; On                 ;
; Auto Open-Drain Pins                                                       ; On                 ; On                 ;
; Perform WYSIWYG Primitive Resynthesis                                      ; Off                ; Off                ;
; Auto ROM Replacement                                                       ; On                 ; On                 ;
; Auto RAM Replacement                                                       ; On                 ; On                 ;
; Auto Shift Register Replacement                                            ; Auto               ; Auto               ;
; Allow Shift Register Merging across Hierarchies                            ; Auto               ; Auto               ;
; Auto Clock Enable Replacement                                              ; On                 ; On                 ;
; Strict RAM Replacement                                                     ; Off                ; Off                ;
; Allow Synchronous Control Signals                                          ; On                 ; On                 ;
; Force Use of Synchronous Clear Signals                                     ; Off                ; Off                ;
; Auto RAM to Logic Cell Conversion                                          ; Off                ; Off                ;
; Auto Resource Sharing                                                      ; Off                ; Off                ;
; Allow Any RAM Size For Recognition                                         ; Off                ; Off                ;
; Allow Any ROM Size For Recognition                                         ; Off                ; Off                ;
; Allow Any Shift Register Size For Recognition                              ; Off                ; Off                ;
; Use LogicLock Constraints during Resource Balancing                        ; On                 ; On                 ;
; Ignore translate_off and synthesis_off directives                          ; Off                ; Off                ;
; Timing-Driven Synthesis                                                    ; Off                ; Off                ;
; Report Parameter Settings                                                  ; On                 ; On                 ;
; Report Source Assignments                                                  ; On                 ; On                 ;
; Report Connectivity Checks                                                 ; On                 ; On                 ;
; Ignore Maximum Fan-Out Assignments                                         ; Off                ; Off                ;
; Synchronization Register Chain Length                                      ; 2                  ; 2                  ;
; PowerPlay Power Optimization                                               ; Normal compilation ; Normal compilation ;
; HDL message level                                                          ; Level2             ; Level2             ;
; Suppress Register Optimization Related Messages                            ; Off                ; Off                ;
; Number of Removed Registers Reported in Synthesis Report                   ; 5000               ; 5000               ;
; Number of Swept Nodes Reported in Synthesis Report                         ; 5000               ; 5000               ;
; Number of Inverted Registers Reported in Synthesis Report                  ; 100                ; 100                ;
; Clock MUX Protection                                                       ; On                 ; On                 ;
; Auto Gated Clock Conversion                                                ; Off                ; Off                ;
; Block Design Naming                                                        ; Auto               ; Auto               ;
; SDC constraint protection                                                  ; Off                ; Off                ;
; Synthesis Effort                                                           ; Auto               ; Auto               ;
; Shift Register Replacement - Allow Asynchronous Clear Signal               ; On                 ; On                 ;
; Pre-Mapping Resynthesis Optimization                                       ; Off                ; Off                ;
; Analysis & Synthesis Message Level                                         ; Medium             ; Medium             ;
; Disable Register Merging Across Hierarchies                                ; Auto               ; Auto               ;
; Resource Aware Inference For Block RAM                                     ; On                 ; On                 ;
; Synthesis Seed                                                             ; 1                  ; 1                  ;
+----------------------------------------------------------------------------+--------------------+--------------------+


Parallel compilation was disabled, but you have multiple processors available. Enable parallel compilation to reduce compilation time.
+-------------------------------------+
; Parallel Compilation                ;
+----------------------------+--------+
; Processors                 ; Number ;
+----------------------------+--------+
; Number detected on machine ; 8      ;
; Maximum allowed            ; 1      ;
+----------------------------+--------+


+-----------------------------------------------------------------------------------------------------------------------------------------------------------------+
; Analysis & Synthesis Source Files Read                                                                                                                          ;
+----------------------------------+-----------------+------------------------+-------------------------------------------------------------------------+---------+
; File Name with User-Entered Path ; Used in Netlist ; File Type              ; File Name with Absolute Path                                            ; Library ;
+----------------------------------+-----------------+------------------------+-------------------------------------------------------------------------+---------+
; FPU_32b.v                        ; yes             ; User Verilog HDL File  ; C:/Users/LE TUAN THANH/Desktop/Floating_Point_Project/FPU_32b.v         ;         ;
; Normalize.v                      ; yes             ; User Verilog HDL File  ; C:/Users/LE TUAN THANH/Desktop/Floating_Point_Project/Normalize.v       ;         ;
; Unpack.v                         ; yes             ; User Verilog HDL File  ; C:/Users/LE TUAN THANH/Desktop/Floating_Point_Project/Unpack.v          ;         ;
; pre_normalize.v                  ; yes             ; User Verilog HDL File  ; C:/Users/LE TUAN THANH/Desktop/Floating_Point_Project/pre_normalize.v   ;         ;
; Add_Sub_mantisa.v                ; yes             ; User Verilog HDL File  ; C:/Users/LE TUAN THANH/Desktop/Floating_Point_Project/Add_Sub_mantisa.v ;         ;
; rounding.v                       ; yes             ; User Verilog HDL File  ; C:/Users/LE TUAN THANH/Desktop/Floating_Point_Project/rounding.v        ;         ;
; Pack.v                           ; yes             ; User Verilog HDL File  ; C:/Users/LE TUAN THANH/Desktop/Floating_Point_Project/Pack.v            ;         ;
+----------------------------------+-----------------+------------------------+-------------------------------------------------------------------------+---------+


+-----------------------------------------------------+
; Analysis & Synthesis Resource Usage Summary         ;
+---------------------------------------------+-------+
; Resource                                    ; Usage ;
+---------------------------------------------+-------+
; Estimated Total logic elements              ; 1,313 ;
;                                             ;       ;
; Total combinational functions               ; 1216  ;
; Logic element usage by number of LUT inputs ;       ;
;     -- 4 input functions                    ; 606   ;
;     -- 3 input functions                    ; 349   ;
;     -- <=2 input functions                  ; 261   ;
;                                             ;       ;
; Logic elements by mode                      ;       ;
;     -- normal mode                          ; 867   ;
;     -- arithmetic mode                      ; 349   ;
;                                             ;       ;
; Total registers                             ; 282   ;
;     -- Dedicated logic registers            ; 282   ;
;     -- I/O registers                        ; 0     ;
;                                             ;       ;
; I/O pins                                    ; 106   ;
; Embedded Multiplier 9-bit elements          ; 0     ;
; Maximum fan-out node                        ; clk_i ;
; Maximum fan-out                             ; 282   ;
; Total fan-out                               ; 4966  ;
; Average fan-out                             ; 3.10  ;
+---------------------------------------------+-------+


+----------------------------------------------------------------------------------------------------------------------------------------------------------------------------------------------+
; Analysis & Synthesis Resource Utilization by Entity                                                                                                                                          ;
+-------------------------------+-------------------+--------------+-------------+--------------+---------+-----------+------+--------------+-----------------------------------+--------------+
; Compilation Hierarchy Node    ; LC Combinationals ; LC Registers ; Memory Bits ; DSP Elements ; DSP 9x9 ; DSP 18x18 ; Pins ; Virtual Pins ; Full Hierarchy Name               ; Library Name ;
+-------------------------------+-------------------+--------------+-------------+--------------+---------+-----------+------+--------------+-----------------------------------+--------------+
; |FPU_32b                      ; 1216 (15)         ; 282 (0)      ; 0           ; 0            ; 0       ; 0         ; 106  ; 0            ; |FPU_32b                          ; work         ;
;    |Add_Sub_mantisa:u_addsub| ; 141 (141)         ; 29 (29)      ; 0           ; 0            ; 0       ; 0         ; 0    ; 0            ; |FPU_32b|Add_Sub_mantisa:u_addsub ; work         ;
;    |Normalize:u_normalize|    ; 767 (767)         ; 36 (36)      ; 0           ; 0            ; 0       ; 0         ; 0    ; 0            ; |FPU_32b|Normalize:u_normalize    ; work         ;
;    |Unpack:u_unpack|          ; 6 (6)             ; 66 (66)      ; 0           ; 0            ; 0       ; 0         ; 0    ; 0            ; |FPU_32b|Unpack:u_unpack          ; work         ;
;    |pack:u_pack|              ; 0 (0)             ; 32 (32)      ; 0           ; 0            ; 0       ; 0         ; 0    ; 0            ; |FPU_32b|pack:u_pack              ; work         ;
;    |pre_normalize:u_pre_norm| ; 228 (228)         ; 62 (62)      ; 0           ; 0            ; 0       ; 0         ; 0    ; 0            ; |FPU_32b|pre_normalize:u_pre_norm ; work         ;
;    |rounding:u_rounding|      ; 59 (59)           ; 57 (57)      ; 0           ; 0            ; 0       ; 0         ; 0    ; 0            ; |FPU_32b|rounding:u_rounding      ; work         ;
+-------------------------------+-------------------+--------------+-------------+--------------+---------+-----------+------+--------------+-----------------------------------+--------------+
Note: For table entries with two numbers listed, the numbers in parentheses indicate the number of resources of the given type used by the specific entity alone. The numbers listed outside of parentheses indicate the total resources of the given type used by the specific entity and all of its sub-entities in the hierarchy.


+-------------------------------------------------------------------------------------+
; Registers Removed During Synthesis                                                  ;
+--------------------------------------------+----------------------------------------+
; Register name                              ; Reason for Removal                     ;
+--------------------------------------------+----------------------------------------+
; pre_normalize:u_pre_norm|mantB_aligned[27] ; Stuck at GND due to stuck port data_in ;
; pre_normalize:u_pre_norm|mantA_aligned[27] ; Stuck at GND due to stuck port data_in ;
; Total Number of Removed Registers = 2      ;                                        ;
+--------------------------------------------+----------------------------------------+


+------------------------------------------------------+
; General Register Statistics                          ;
+----------------------------------------------+-------+
; Statistic                                    ; Value ;
+----------------------------------------------+-------+
; Total registers                              ; 282   ;
; Number of registers using Synchronous Clear  ; 57    ;
; Number of registers using Synchronous Load   ; 67    ;
; Number of registers using Asynchronous Clear ; 219   ;
; Number of registers using Asynchronous Load  ; 0     ;
; Number of registers using Clock Enable       ; 1     ;
; Number of registers using Preset             ; 0     ;
+----------------------------------------------+-------+


+-------------------------------------------------------------------------------------------------------------------------------------------------------------------+
; Multiplexer Restructuring Statistics (Restructuring Performed)                                                                                                    ;
+--------------------+-----------+---------------+----------------------+------------------------+------------+-----------------------------------------------------+
; Multiplexer Inputs ; Bus Width ; Baseline Area ; Area if Restructured ; Saving if Restructured ; Registered ; Example Multiplexer Output                          ;
+--------------------+-----------+---------------+----------------------+------------------------+------------+-----------------------------------------------------+
; 3:1                ; 3 bits    ; 6 LEs         ; 3 LEs                ; 3 LEs                  ; Yes        ; |FPU_32b|pre_normalize:u_pre_norm|mantB_aligned[0]  ;
; 3:1                ; 3 bits    ; 6 LEs         ; 3 LEs                ; 3 LEs                  ; Yes        ; |FPU_32b|pre_normalize:u_pre_norm|mantA_aligned[1]  ;
; 3:1                ; 48 bits   ; 96 LEs        ; 96 LEs               ; 0 LEs                  ; Yes        ; |FPU_32b|pre_normalize:u_pre_norm|mantA_aligned[15] ;
; 3:1                ; 28 bits   ; 56 LEs        ; 56 LEs               ; 0 LEs                  ; Yes        ; |FPU_32b|Add_Sub_mantisa:u_addsub|mantisa_raw[9]    ;
; 7:1                ; 25 bits   ; 100 LEs       ; 25 LEs               ; 75 LEs                 ; Yes        ; |FPU_32b|rounding:u_rounding|mant_temp[13]          ;
; 30:1               ; 5 bits    ; 100 LEs       ; 90 LEs               ; 10 LEs                 ; Yes        ; |FPU_32b|Normalize:u_normalize|exp_norm[3]          ;
; 4:1                ; 11 bits   ; 22 LEs        ; 11 LEs               ; 11 LEs                 ; No         ; |FPU_32b|pre_normalize:u_pre_norm|frac_shift[23]    ;
; 5:1                ; 5 bits    ; 15 LEs        ; 10 LEs               ; 5 LEs                  ; No         ; |FPU_32b|pre_normalize:u_pre_norm|frac_shift[11]    ;
; 5:1                ; 3 bits    ; 9 LEs         ; 6 LEs                ; 3 LEs                  ; No         ; |FPU_32b|pre_normalize:u_pre_norm|frac_shift[8]     ;
; 6:1                ; 4 bits    ; 16 LEs        ; 12 LEs               ; 4 LEs                  ; No         ; |FPU_32b|pre_normalize:u_pre_norm|frac_shift[4]     ;
; 7:1                ; 2 bits    ; 8 LEs         ; 6 LEs                ; 2 LEs                  ; No         ; |FPU_32b|pre_normalize:u_pre_norm|frac_shift[0]     ;
; 7:1                ; 2 bits    ; 8 LEs         ; 8 LEs                ; 0 LEs                  ; No         ; |FPU_32b|pre_normalize:u_pre_norm|frac_shift[2]     ;
+--------------------+-----------+---------------+----------------------+------------------------+------------+-----------------------------------------------------+


+-------------------------------+
; Elapsed Time Per Partition    ;
+----------------+--------------+
; Partition Name ; Elapsed Time ;
+----------------+--------------+
; Top            ; 00:00:15     ;
+----------------+--------------+


+-------------------------------+
; Analysis & Synthesis Messages ;
+-------------------------------+
Info: *******************************************************************
Info: Running Quartus II 32-bit Analysis & Synthesis
    Info: Version 13.0.1 Build 232 06/12/2013 Service Pack 1 SJ Web Edition
    Info: Processing started: Sun Oct 19 14:06:53 2025
Info: Command: quartus_map --read_settings_files=on --write_settings_files=off FPU_32b -c FPU_32b
Warning (20028): Parallel compilation is not licensed and has been disabled
Info (12021): Found 1 design units, including 1 entities, in source file fpu_32b.v
    Info (12023): Found entity 1: FPU_32b
Info (12021): Found 1 design units, including 1 entities, in source file normalize.v
    Info (12023): Found entity 1: Normalize
Info (12021): Found 1 design units, including 1 entities, in source file unpack.v
    Info (12023): Found entity 1: Unpack
Info (12021): Found 1 design units, including 1 entities, in source file pre_normalize.v
    Info (12023): Found entity 1: pre_normalize
Info (12021): Found 1 design units, including 1 entities, in source file add_sub_mantisa.v
    Info (12023): Found entity 1: Add_Sub_mantisa
Info (12021): Found 1 design units, including 1 entities, in source file rounding.v
    Info (12023): Found entity 1: rounding
Info (12021): Found 1 design units, including 1 entities, in source file pack.v
    Info (12023): Found entity 1: pack
Info (12021): Found 1 design units, including 1 entities, in source file tb_fpu_32b.v
    Info (12023): Found entity 1: tb_FPU_32b
Info (12127): Elaborating entity "FPU_32b" for the top level hierarchy
Info (12128): Elaborating entity "Unpack" for hierarchy "Unpack:u_unpack"
Info (12128): Elaborating entity "Add_Sub_mantisa" for hierarchy "Add_Sub_mantisa:u_addsub"
Info (12128): Elaborating entity "pre_normalize" for hierarchy "pre_normalize:u_pre_norm"
Info (12128): Elaborating entity "Normalize" for hierarchy "Normalize:u_normalize"
Warning (10230): Verilog HDL assignment warning at Normalize.v(32): truncated value with size 32 to match size of target (8)
Info (12128): Elaborating entity "rounding" for hierarchy "rounding:u_rounding"
Warning (10230): Verilog HDL assignment warning at rounding.v(37): truncated value with size 32 to match size of target (25)
Warning (10230): Verilog HDL assignment warning at rounding.v(51): truncated value with size 32 to match size of target (25)
Warning (10230): Verilog HDL assignment warning at rounding.v(61): truncated value with size 32 to match size of target (25)
Warning (10230): Verilog HDL assignment warning at rounding.v(78): truncated value with size 32 to match size of target (8)
Info (12128): Elaborating entity "pack" for hierarchy "pack:u_pack"
Warning (13024): Output pins are stuck at VCC or GND
    Warning (13410): Pin "ine" is stuck at GND
Info (144001): Generated suppressed messages file C:/Users/LE TUAN THANH/Desktop/Floating_Point_Project/output_files/FPU_32b.map.smsg
Info (16010): Generating hard_block partition "hard_block:auto_generated_inst"
    Info (16011): Adding 0 node(s), including 0 DDIO, 0 PLL, 0 transceiver and 0 LCELL
Info (21057): Implemented 1419 device resources after synthesis - the final resource count might be different
    Info (21058): Implemented 69 input pins
    Info (21059): Implemented 37 output pins
    Info (21061): Implemented 1313 logic cells
Info: Quartus II 32-bit Analysis & Synthesis was successful. 0 errors, 8 warnings
    Info: Peak virtual memory: 376 megabytes
    Info: Processing ended: Sun Oct 19 14:07:10 2025
    Info: Elapsed time: 00:00:17
    Info: Total CPU time (on all processors): 00:00:16


+------------------------------------------+
; Analysis & Synthesis Suppressed Messages ;
+------------------------------------------+
The suppressed messages can be found in C:/Users/LE TUAN THANH/Desktop/Floating_Point_Project/output_files/FPU_32b.map.smsg.


